c:\course2.0\kii-2023\lplab10_git\debug\kii.pch
c:\course2.0\kii-2023\lplab10_git\debug\vc143.pdb
c:\course2.0\kii-2023\lplab10_git\debug\vc143.idb
c:\course2.0\kii-2023\lplab10_git\debug\stdafx.obj
c:\course2.0\kii-2023\lplab10_git\debug\test_log.obj
c:\course2.0\kii-2023\lplab10_git\debug\semantics.obj
c:\course2.0\kii-2023\lplab10_git\debug\polishnotation.obj
c:\course2.0\kii-2023\lplab10_git\debug\parm.obj
c:\course2.0\kii-2023\lplab10_git\debug\mfst.obj
c:\course2.0\kii-2023\lplab10_git\debug\lt.obj
c:\course2.0\kii-2023\lplab10_git\debug\log.obj
c:\course2.0\kii-2023\lplab10_git\debug\lexanaliz.obj
c:\course2.0\kii-2023\lplab10_git\debug\it.obj
c:\course2.0\kii-2023\lplab10_git\debug\in.obj
c:\course2.0\kii-2023\lplab10_git\debug\greibach.obj
c:\course2.0\kii-2023\lplab10_git\debug\fst.obj
c:\course2.0\kii-2023\lplab10_git\debug\error.obj
c:\course2.0\kii-2023\lplab10_git\debug\div.obj
c:\course2.0\kii-2023\lplab10_git\debug\codegeneration.obj
c:\course2.0\kii-2023\lplab10_git\debug\kii.ilk
c:\course2.0\kii-2023\debug\kii.exe
c:\course2.0\kii-2023\debug\kii.pdb
c:\course2.0\kii-2023\lplab10_git\debug\kii.tlog\cl.command.1.tlog
c:\course2.0\kii-2023\lplab10_git\debug\kii.tlog\cl.items.tlog
c:\course2.0\kii-2023\lplab10_git\debug\kii.tlog\cl.read.1.tlog
c:\course2.0\kii-2023\lplab10_git\debug\kii.tlog\cl.write.1.tlog
c:\course2.0\kii-2023\lplab10_git\debug\kii.tlog\link.command.1.tlog
c:\course2.0\kii-2023\lplab10_git\debug\kii.tlog\link.read.1.tlog
c:\course2.0\kii-2023\lplab10_git\debug\kii.tlog\link.write.1.tlog
