c:\users\вова\desktop\lab10_git\lplab10_git\debug\lplab10.pch
c:\users\вова\desktop\lab10_git\lplab10_git\debug\vc141.pdb
c:\users\вова\desktop\lab10_git\lplab10_git\debug\vc141.idb
c:\users\вова\desktop\lab10_git\lplab10_git\debug\stdafx.obj
c:\users\вова\desktop\lab10_git\lplab10_git\debug\test_log.obj
c:\users\вова\desktop\lab10_git\lplab10_git\debug\parm.obj
c:\users\вова\desktop\lab10_git\lplab10_git\debug\log.obj
c:\users\вова\desktop\lab10_git\lplab10_git\debug\in.obj
c:\users\вова\desktop\lab10_git\lplab10_git\debug\fst.obj
c:\users\вова\desktop\lab10_git\lplab10_git\debug\error.obj
c:\users\вова\desktop\lab10_git\lplab10_git\debug\lt.obj
c:\users\вова\desktop\lab10_git\lplab10_git\debug\div.obj
c:\users\вова\desktop\lab10_git\lplab10_git\debug\it.obj
c:\users\вова\desktop\lab10_git\lplab10_git\debug\lexanaliz.obj
c:\users\вова\desktop\lab10_git\debug\lplab10.exe
c:\users\вова\desktop\lab10_git\debug\lplab10.ilk
c:\users\вова\desktop\lab10_git\debug\lplab10.pdb
c:\users\вова\desktop\lab10_git\lplab10_git\debug\div.obj.enc
c:\users\вова\desktop\lab10_git\lplab10_git\debug\in.obj.enc
c:\users\вова\desktop\lab10_git\lplab10_git\debug\test_log.obj.enc
c:\users\вова\desktop\lab10_git\lplab10_git\debug\lplab10.tlog\cl.command.1.tlog
c:\users\вова\desktop\lab10_git\lplab10_git\debug\lplab10.tlog\cl.read.1.tlog
c:\users\вова\desktop\lab10_git\lplab10_git\debug\lplab10.tlog\cl.write.1.tlog
c:\users\вова\desktop\lab10_git\lplab10_git\debug\lplab10.tlog\link.command.1.tlog
c:\users\вова\desktop\lab10_git\lplab10_git\debug\lplab10.tlog\link.read.1.tlog
c:\users\вова\desktop\lab10_git\lplab10_git\debug\lplab10.tlog\link.write.1.tlog
